2019-05-26 20-37
=============================== GM ERROR LOG ===============================
= ERROR REPORT START - Pre2.14.1.3 FINAL (Phoenix) =

java.lang.IllegalArgumentException: The following file couldn't pass on Parser.
plugins\GroupManager\worlds\world\groups.yml
	at org.anjocaido.groupmanager.dataholder.WorldDataHolder.loadGroups(WorldDataHolder.java:590)
	at org.anjocaido.groupmanager.dataholder.WorldDataHolder.loadGroups(WorldDataHolder.java:510)
	at org.anjocaido.groupmanager.dataholder.worlds.WorldsHolder.loadWorld(WorldsHolder.java:678)
	at org.anjocaido.groupmanager.dataholder.worlds.WorldsHolder.loadWorld(WorldsHolder.java:640)
	at org.anjocaido.groupmanager.dataholder.worlds.WorldsHolder.initialWorldLoading(WorldsHolder.java:110)
	at org.anjocaido.groupmanager.dataholder.worlds.WorldsHolder.initialLoad(WorldsHolder.java:100)
	at org.anjocaido.groupmanager.dataholder.worlds.WorldsHolder.resetWorldsHolder(WorldsHolder.java:92)
	at org.anjocaido.groupmanager.dataholder.worlds.WorldsHolder.<init>(WorldsHolder.java:59)
	at org.anjocaido.groupmanager.GroupManager.onEnable(GroupManager.java:179)
	at org.anjocaido.groupmanager.GroupManager.onEnable(GroupManager.java:103)
	at org.bukkit.plugin.java.JavaPlugin.setEnabled(JavaPlugin.java:321)
	at org.bukkit.plugin.java.JavaPluginLoader.enablePlugin(JavaPluginLoader.java:340)
	at org.bukkit.plugin.SimplePluginManager.enablePlugin(SimplePluginManager.java:405)
	at org.bukkit.craftbukkit.v1_8_R3.CraftServer.loadPlugin(CraftServer.java:357)
	at org.bukkit.craftbukkit.v1_8_R3.CraftServer.enablePlugins(CraftServer.java:317)
	at net.minecraft.server.v1_8_R3.MinecraftServer.s(MinecraftServer.java:414)
	at net.minecraft.server.v1_8_R3.MinecraftServer.k(MinecraftServer.java:378)
	at net.minecraft.server.v1_8_R3.MinecraftServer.a(MinecraftServer.java:333)
	at net.minecraft.server.v1_8_R3.DedicatedServer.init(DedicatedServer.java:263)
	at net.minecraft.server.v1_8_R3.MinecraftServer.run(MinecraftServer.java:525)
	at java.lang.Thread.run(Unknown Source)
Caused by: while scanning an anchor
 in 'reader', line 113, column 16:
          prefix: '&b[MVP] '
                   ^
expected alphabetic or numeric character, but found [(91)
 in 'reader', line 113, column 18:
          prefix: '&b[MVP] '
                     ^

	at org.yaml.snakeyaml.scanner.ScannerImpl.scanAnchor(ScannerImpl.java:1446)
	at org.yaml.snakeyaml.scanner.ScannerImpl.fetchAnchor(ScannerImpl.java:939)
	at org.yaml.snakeyaml.scanner.ScannerImpl.fetchMoreTokens(ScannerImpl.java:370)
	at org.yaml.snakeyaml.scanner.ScannerImpl.checkToken(ScannerImpl.java:226)
	at org.yaml.snakeyaml.parser.ParserImpl$ParseBlockMappingKey.produce(ParserImpl.java:558)
	at org.yaml.snakeyaml.parser.ParserImpl.peekEvent(ParserImpl.java:158)
	at org.yaml.snakeyaml.parser.ParserImpl.checkEvent(ParserImpl.java:143)
	at org.yaml.snakeyaml.composer.Composer.composeMappingNode(Composer.java:224)
	at org.yaml.snakeyaml.composer.Composer.composeNode(Composer.java:155)
	at org.yaml.snakeyaml.composer.Composer.composeMappingNode(Composer.java:229)
	at org.yaml.snakeyaml.composer.Composer.composeNode(Composer.java:155)
	at org.yaml.snakeyaml.composer.Composer.composeMappingNode(Composer.java:229)
	at org.yaml.snakeyaml.composer.Composer.composeNode(Composer.java:155)
	at org.yaml.snakeyaml.composer.Composer.composeMappingNode(Composer.java:229)
	at org.yaml.snakeyaml.composer.Composer.composeNode(Composer.java:155)
	at org.yaml.snakeyaml.composer.Composer.composeDocument(Composer.java:122)
	at org.yaml.snakeyaml.composer.Composer.getSingleNode(Composer.java:105)
	at org.yaml.snakeyaml.constructor.BaseConstructor.getSingleData(BaseConstructor.java:120)
	at org.yaml.snakeyaml.Yaml.loadFromReader(Yaml.java:450)
	at org.yaml.snakeyaml.Yaml.load(Yaml.java:393)
	at org.anjocaido.groupmanager.dataholder.WorldDataHolder.loadGroups(WorldDataHolder.java:585)
	... 20 more

============================================================================

2019-05-26 20-53
=============================== GM ERROR LOG ===============================
= ERROR REPORT START - Pre2.14.1.3 FINAL (Phoenix) =

java.lang.IllegalArgumentException: The following file couldn't pass on Parser.
plugins\GroupManager\worlds\world\groups.yml
	at org.anjocaido.groupmanager.dataholder.WorldDataHolder.loadGroups(WorldDataHolder.java:590)
	at org.anjocaido.groupmanager.dataholder.WorldDataHolder.loadGroups(WorldDataHolder.java:510)
	at org.anjocaido.groupmanager.dataholder.worlds.WorldsHolder.loadWorld(WorldsHolder.java:678)
	at org.anjocaido.groupmanager.dataholder.worlds.WorldsHolder.loadWorld(WorldsHolder.java:640)
	at org.anjocaido.groupmanager.dataholder.worlds.WorldsHolder.initialWorldLoading(WorldsHolder.java:110)
	at org.anjocaido.groupmanager.dataholder.worlds.WorldsHolder.initialLoad(WorldsHolder.java:100)
	at org.anjocaido.groupmanager.dataholder.worlds.WorldsHolder.resetWorldsHolder(WorldsHolder.java:92)
	at org.anjocaido.groupmanager.dataholder.worlds.WorldsHolder.<init>(WorldsHolder.java:59)
	at org.anjocaido.groupmanager.GroupManager.onEnable(GroupManager.java:179)
	at org.anjocaido.groupmanager.GroupManager.onEnable(GroupManager.java:103)
	at org.bukkit.plugin.java.JavaPlugin.setEnabled(JavaPlugin.java:321)
	at org.bukkit.plugin.java.JavaPluginLoader.enablePlugin(JavaPluginLoader.java:340)
	at org.bukkit.plugin.SimplePluginManager.enablePlugin(SimplePluginManager.java:405)
	at org.bukkit.craftbukkit.v1_8_R3.CraftServer.loadPlugin(CraftServer.java:357)
	at org.bukkit.craftbukkit.v1_8_R3.CraftServer.enablePlugins(CraftServer.java:317)
	at net.minecraft.server.v1_8_R3.MinecraftServer.s(MinecraftServer.java:414)
	at net.minecraft.server.v1_8_R3.MinecraftServer.k(MinecraftServer.java:378)
	at net.minecraft.server.v1_8_R3.MinecraftServer.a(MinecraftServer.java:333)
	at net.minecraft.server.v1_8_R3.DedicatedServer.init(DedicatedServer.java:263)
	at net.minecraft.server.v1_8_R3.MinecraftServer.run(MinecraftServer.java:525)
	at java.lang.Thread.run(Unknown Source)
Caused by: while scanning an anchor
 in 'reader', line 113, column 16:
          prefix: '&b[MVP] '
                   ^
expected alphabetic or numeric character, but found [(91)
 in 'reader', line 113, column 18:
          prefix: '&b[MVP] '
                     ^

	at org.yaml.snakeyaml.scanner.ScannerImpl.scanAnchor(ScannerImpl.java:1446)
	at org.yaml.snakeyaml.scanner.ScannerImpl.fetchAnchor(ScannerImpl.java:939)
	at org.yaml.snakeyaml.scanner.ScannerImpl.fetchMoreTokens(ScannerImpl.java:370)
	at org.yaml.snakeyaml.scanner.ScannerImpl.checkToken(ScannerImpl.java:226)
	at org.yaml.snakeyaml.parser.ParserImpl$ParseBlockMappingKey.produce(ParserImpl.java:558)
	at org.yaml.snakeyaml.parser.ParserImpl.peekEvent(ParserImpl.java:158)
	at org.yaml.snakeyaml.parser.ParserImpl.checkEvent(ParserImpl.java:143)
	at org.yaml.snakeyaml.composer.Composer.composeMappingNode(Composer.java:224)
	at org.yaml.snakeyaml.composer.Composer.composeNode(Composer.java:155)
	at org.yaml.snakeyaml.composer.Composer.composeMappingNode(Composer.java:229)
	at org.yaml.snakeyaml.composer.Composer.composeNode(Composer.java:155)
	at org.yaml.snakeyaml.composer.Composer.composeMappingNode(Composer.java:229)
	at org.yaml.snakeyaml.composer.Composer.composeNode(Composer.java:155)
	at org.yaml.snakeyaml.composer.Composer.composeMappingNode(Composer.java:229)
	at org.yaml.snakeyaml.composer.Composer.composeNode(Composer.java:155)
	at org.yaml.snakeyaml.composer.Composer.composeDocument(Composer.java:122)
	at org.yaml.snakeyaml.composer.Composer.getSingleNode(Composer.java:105)
	at org.yaml.snakeyaml.constructor.BaseConstructor.getSingleData(BaseConstructor.java:120)
	at org.yaml.snakeyaml.Yaml.loadFromReader(Yaml.java:450)
	at org.yaml.snakeyaml.Yaml.load(Yaml.java:393)
	at org.anjocaido.groupmanager.dataholder.WorldDataHolder.loadGroups(WorldDataHolder.java:585)
	... 20 more

============================================================================

2019-05-27 19-37
=============================== GM ERROR LOG ===============================
= ERROR REPORT START - Pre2.14.1.3 FINAL (Phoenix) =

java.lang.IllegalArgumentException: The following file couldn't pass on Parser.
plugins\GroupManager\worlds\world\groups.yml
	at org.anjocaido.groupmanager.dataholder.WorldDataHolder.loadGroups(WorldDataHolder.java:590)
	at org.anjocaido.groupmanager.dataholder.WorldDataHolder.loadGroups(WorldDataHolder.java:510)
	at org.anjocaido.groupmanager.dataholder.worlds.WorldsHolder.loadWorld(WorldsHolder.java:678)
	at org.anjocaido.groupmanager.dataholder.worlds.WorldsHolder.loadWorld(WorldsHolder.java:640)
	at org.anjocaido.groupmanager.dataholder.worlds.WorldsHolder.initialWorldLoading(WorldsHolder.java:110)
	at org.anjocaido.groupmanager.dataholder.worlds.WorldsHolder.initialLoad(WorldsHolder.java:100)
	at org.anjocaido.groupmanager.dataholder.worlds.WorldsHolder.resetWorldsHolder(WorldsHolder.java:92)
	at org.anjocaido.groupmanager.dataholder.worlds.WorldsHolder.<init>(WorldsHolder.java:59)
	at org.anjocaido.groupmanager.GroupManager.onEnable(GroupManager.java:179)
	at org.anjocaido.groupmanager.GroupManager.onEnable(GroupManager.java:103)
	at org.bukkit.plugin.java.JavaPlugin.setEnabled(JavaPlugin.java:321)
	at org.bukkit.plugin.java.JavaPluginLoader.enablePlugin(JavaPluginLoader.java:340)
	at org.bukkit.plugin.SimplePluginManager.enablePlugin(SimplePluginManager.java:405)
	at org.bukkit.craftbukkit.v1_8_R3.CraftServer.loadPlugin(CraftServer.java:357)
	at org.bukkit.craftbukkit.v1_8_R3.CraftServer.enablePlugins(CraftServer.java:317)
	at net.minecraft.server.v1_8_R3.MinecraftServer.s(MinecraftServer.java:414)
	at net.minecraft.server.v1_8_R3.MinecraftServer.k(MinecraftServer.java:378)
	at net.minecraft.server.v1_8_R3.MinecraftServer.a(MinecraftServer.java:333)
	at net.minecraft.server.v1_8_R3.DedicatedServer.init(DedicatedServer.java:263)
	at net.minecraft.server.v1_8_R3.MinecraftServer.run(MinecraftServer.java:525)
	at java.lang.Thread.run(Unknown Source)
Caused by: while scanning an anchor
 in 'reader', line 113, column 16:
          prefix: '&b[MVP] '
                   ^
expected alphabetic or numeric character, but found [(91)
 in 'reader', line 113, column 18:
          prefix: '&b[MVP] '
                     ^

	at org.yaml.snakeyaml.scanner.ScannerImpl.scanAnchor(ScannerImpl.java:1446)
	at org.yaml.snakeyaml.scanner.ScannerImpl.fetchAnchor(ScannerImpl.java:939)
	at org.yaml.snakeyaml.scanner.ScannerImpl.fetchMoreTokens(ScannerImpl.java:370)
	at org.yaml.snakeyaml.scanner.ScannerImpl.checkToken(ScannerImpl.java:226)
	at org.yaml.snakeyaml.parser.ParserImpl$ParseBlockMappingKey.produce(ParserImpl.java:558)
	at org.yaml.snakeyaml.parser.ParserImpl.peekEvent(ParserImpl.java:158)
	at org.yaml.snakeyaml.parser.ParserImpl.checkEvent(ParserImpl.java:143)
	at org.yaml.snakeyaml.composer.Composer.composeMappingNode(Composer.java:224)
	at org.yaml.snakeyaml.composer.Composer.composeNode(Composer.java:155)
	at org.yaml.snakeyaml.composer.Composer.composeMappingNode(Composer.java:229)
	at org.yaml.snakeyaml.composer.Composer.composeNode(Composer.java:155)
	at org.yaml.snakeyaml.composer.Composer.composeMappingNode(Composer.java:229)
	at org.yaml.snakeyaml.composer.Composer.composeNode(Composer.java:155)
	at org.yaml.snakeyaml.composer.Composer.composeMappingNode(Composer.java:229)
	at org.yaml.snakeyaml.composer.Composer.composeNode(Composer.java:155)
	at org.yaml.snakeyaml.composer.Composer.composeDocument(Composer.java:122)
	at org.yaml.snakeyaml.composer.Composer.getSingleNode(Composer.java:105)
	at org.yaml.snakeyaml.constructor.BaseConstructor.getSingleData(BaseConstructor.java:120)
	at org.yaml.snakeyaml.Yaml.loadFromReader(Yaml.java:450)
	at org.yaml.snakeyaml.Yaml.load(Yaml.java:393)
	at org.anjocaido.groupmanager.dataholder.WorldDataHolder.loadGroups(WorldDataHolder.java:585)
	... 20 more

============================================================================

2019-05-27 19-45
=============================== GM ERROR LOG ===============================
= ERROR REPORT START - Pre2.14.1.3 FINAL (Phoenix) =

java.lang.IllegalArgumentException: The following file couldn't pass on Parser.
plugins\GroupManager\worlds\world\groups.yml
	at org.anjocaido.groupmanager.dataholder.WorldDataHolder.loadGroups(WorldDataHolder.java:590)
	at org.anjocaido.groupmanager.dataholder.WorldDataHolder.loadGroups(WorldDataHolder.java:510)
	at org.anjocaido.groupmanager.dataholder.worlds.WorldsHolder.loadWorld(WorldsHolder.java:678)
	at org.anjocaido.groupmanager.dataholder.worlds.WorldsHolder.loadWorld(WorldsHolder.java:640)
	at org.anjocaido.groupmanager.dataholder.worlds.WorldsHolder.initialWorldLoading(WorldsHolder.java:110)
	at org.anjocaido.groupmanager.dataholder.worlds.WorldsHolder.initialLoad(WorldsHolder.java:100)
	at org.anjocaido.groupmanager.dataholder.worlds.WorldsHolder.resetWorldsHolder(WorldsHolder.java:92)
	at org.anjocaido.groupmanager.dataholder.worlds.WorldsHolder.<init>(WorldsHolder.java:59)
	at org.anjocaido.groupmanager.GroupManager.onEnable(GroupManager.java:179)
	at org.anjocaido.groupmanager.GroupManager.onEnable(GroupManager.java:103)
	at org.bukkit.plugin.java.JavaPlugin.setEnabled(JavaPlugin.java:321)
	at org.bukkit.plugin.java.JavaPluginLoader.enablePlugin(JavaPluginLoader.java:340)
	at org.bukkit.plugin.SimplePluginManager.enablePlugin(SimplePluginManager.java:405)
	at org.bukkit.craftbukkit.v1_8_R3.CraftServer.loadPlugin(CraftServer.java:357)
	at org.bukkit.craftbukkit.v1_8_R3.CraftServer.enablePlugins(CraftServer.java:317)
	at net.minecraft.server.v1_8_R3.MinecraftServer.s(MinecraftServer.java:414)
	at net.minecraft.server.v1_8_R3.MinecraftServer.k(MinecraftServer.java:378)
	at net.minecraft.server.v1_8_R3.MinecraftServer.a(MinecraftServer.java:333)
	at net.minecraft.server.v1_8_R3.DedicatedServer.init(DedicatedServer.java:263)
	at net.minecraft.server.v1_8_R3.MinecraftServer.run(MinecraftServer.java:525)
	at java.lang.Thread.run(Unknown Source)
Caused by: while scanning an anchor
 in 'reader', line 113, column 16:
          prefix: '&b[MVP] '
                   ^
expected alphabetic or numeric character, but found [(91)
 in 'reader', line 113, column 18:
          prefix: '&b[MVP] '
                     ^

	at org.yaml.snakeyaml.scanner.ScannerImpl.scanAnchor(ScannerImpl.java:1446)
	at org.yaml.snakeyaml.scanner.ScannerImpl.fetchAnchor(ScannerImpl.java:939)
	at org.yaml.snakeyaml.scanner.ScannerImpl.fetchMoreTokens(ScannerImpl.java:370)
	at org.yaml.snakeyaml.scanner.ScannerImpl.checkToken(ScannerImpl.java:226)
	at org.yaml.snakeyaml.parser.ParserImpl$ParseBlockMappingKey.produce(ParserImpl.java:558)
	at org.yaml.snakeyaml.parser.ParserImpl.peekEvent(ParserImpl.java:158)
	at org.yaml.snakeyaml.parser.ParserImpl.checkEvent(ParserImpl.java:143)
	at org.yaml.snakeyaml.composer.Composer.composeMappingNode(Composer.java:224)
	at org.yaml.snakeyaml.composer.Composer.composeNode(Composer.java:155)
	at org.yaml.snakeyaml.composer.Composer.composeMappingNode(Composer.java:229)
	at org.yaml.snakeyaml.composer.Composer.composeNode(Composer.java:155)
	at org.yaml.snakeyaml.composer.Composer.composeMappingNode(Composer.java:229)
	at org.yaml.snakeyaml.composer.Composer.composeNode(Composer.java:155)
	at org.yaml.snakeyaml.composer.Composer.composeMappingNode(Composer.java:229)
	at org.yaml.snakeyaml.composer.Composer.composeNode(Composer.java:155)
	at org.yaml.snakeyaml.composer.Composer.composeDocument(Composer.java:122)
	at org.yaml.snakeyaml.composer.Composer.getSingleNode(Composer.java:105)
	at org.yaml.snakeyaml.constructor.BaseConstructor.getSingleData(BaseConstructor.java:120)
	at org.yaml.snakeyaml.Yaml.loadFromReader(Yaml.java:450)
	at org.yaml.snakeyaml.Yaml.load(Yaml.java:393)
	at org.anjocaido.groupmanager.dataholder.WorldDataHolder.loadGroups(WorldDataHolder.java:585)
	... 20 more

============================================================================

2019-05-27 19-47
=============================== GM ERROR LOG ===============================
= ERROR REPORT START - Pre2.14.1.3 FINAL (Phoenix) =

java.lang.IllegalArgumentException: The following file couldn't pass on Parser.
plugins\GroupManager\worlds\world\groups.yml
	at org.anjocaido.groupmanager.dataholder.WorldDataHolder.loadGroups(WorldDataHolder.java:590)
	at org.anjocaido.groupmanager.dataholder.WorldDataHolder.loadGroups(WorldDataHolder.java:510)
	at org.anjocaido.groupmanager.dataholder.worlds.WorldsHolder.loadWorld(WorldsHolder.java:678)
	at org.anjocaido.groupmanager.dataholder.worlds.WorldsHolder.loadWorld(WorldsHolder.java:640)
	at org.anjocaido.groupmanager.dataholder.worlds.WorldsHolder.initialWorldLoading(WorldsHolder.java:110)
	at org.anjocaido.groupmanager.dataholder.worlds.WorldsHolder.initialLoad(WorldsHolder.java:100)
	at org.anjocaido.groupmanager.dataholder.worlds.WorldsHolder.resetWorldsHolder(WorldsHolder.java:92)
	at org.anjocaido.groupmanager.dataholder.worlds.WorldsHolder.<init>(WorldsHolder.java:59)
	at org.anjocaido.groupmanager.GroupManager.onEnable(GroupManager.java:179)
	at org.anjocaido.groupmanager.GroupManager.onEnable(GroupManager.java:103)
	at org.bukkit.plugin.java.JavaPlugin.setEnabled(JavaPlugin.java:321)
	at org.bukkit.plugin.java.JavaPluginLoader.enablePlugin(JavaPluginLoader.java:340)
	at org.bukkit.plugin.SimplePluginManager.enablePlugin(SimplePluginManager.java:405)
	at org.bukkit.craftbukkit.v1_8_R3.CraftServer.loadPlugin(CraftServer.java:357)
	at org.bukkit.craftbukkit.v1_8_R3.CraftServer.enablePlugins(CraftServer.java:317)
	at net.minecraft.server.v1_8_R3.MinecraftServer.s(MinecraftServer.java:414)
	at net.minecraft.server.v1_8_R3.MinecraftServer.k(MinecraftServer.java:378)
	at net.minecraft.server.v1_8_R3.MinecraftServer.a(MinecraftServer.java:333)
	at net.minecraft.server.v1_8_R3.DedicatedServer.init(DedicatedServer.java:263)
	at net.minecraft.server.v1_8_R3.MinecraftServer.run(MinecraftServer.java:525)
	at java.lang.Thread.run(Unknown Source)
Caused by: while scanning an anchor
 in 'reader', line 113, column 16:
          prefix: '&b[MVP] '
                   ^
expected alphabetic or numeric character, but found [(91)
 in 'reader', line 113, column 18:
          prefix: '&b[MVP] '
                     ^

	at org.yaml.snakeyaml.scanner.ScannerImpl.scanAnchor(ScannerImpl.java:1446)
	at org.yaml.snakeyaml.scanner.ScannerImpl.fetchAnchor(ScannerImpl.java:939)
	at org.yaml.snakeyaml.scanner.ScannerImpl.fetchMoreTokens(ScannerImpl.java:370)
	at org.yaml.snakeyaml.scanner.ScannerImpl.checkToken(ScannerImpl.java:226)
	at org.yaml.snakeyaml.parser.ParserImpl$ParseBlockMappingKey.produce(ParserImpl.java:558)
	at org.yaml.snakeyaml.parser.ParserImpl.peekEvent(ParserImpl.java:158)
	at org.yaml.snakeyaml.parser.ParserImpl.checkEvent(ParserImpl.java:143)
	at org.yaml.snakeyaml.composer.Composer.composeMappingNode(Composer.java:224)
	at org.yaml.snakeyaml.composer.Composer.composeNode(Composer.java:155)
	at org.yaml.snakeyaml.composer.Composer.composeMappingNode(Composer.java:229)
	at org.yaml.snakeyaml.composer.Composer.composeNode(Composer.java:155)
	at org.yaml.snakeyaml.composer.Composer.composeMappingNode(Composer.java:229)
	at org.yaml.snakeyaml.composer.Composer.composeNode(Composer.java:155)
	at org.yaml.snakeyaml.composer.Composer.composeMappingNode(Composer.java:229)
	at org.yaml.snakeyaml.composer.Composer.composeNode(Composer.java:155)
	at org.yaml.snakeyaml.composer.Composer.composeDocument(Composer.java:122)
	at org.yaml.snakeyaml.composer.Composer.getSingleNode(Composer.java:105)
	at org.yaml.snakeyaml.constructor.BaseConstructor.getSingleData(BaseConstructor.java:120)
	at org.yaml.snakeyaml.Yaml.loadFromReader(Yaml.java:450)
	at org.yaml.snakeyaml.Yaml.load(Yaml.java:393)
	at org.anjocaido.groupmanager.dataholder.WorldDataHolder.loadGroups(WorldDataHolder.java:585)
	... 20 more

============================================================================

2019-09-22 14-28
=============================== GM ERROR LOG ===============================
= ERROR REPORT START - Pre2.14.1.3 FINAL (Phoenix) =

java.lang.IllegalArgumentException: The following file couldn't pass on Parser.
plugins\GroupManager\worlds\world\groups.yml
	at org.anjocaido.groupmanager.dataholder.WorldDataHolder.loadGroups(WorldDataHolder.java:590)
	at org.anjocaido.groupmanager.dataholder.WorldDataHolder.loadGroups(WorldDataHolder.java:510)
	at org.anjocaido.groupmanager.dataholder.worlds.WorldsHolder.loadWorld(WorldsHolder.java:678)
	at org.anjocaido.groupmanager.dataholder.worlds.WorldsHolder.loadWorld(WorldsHolder.java:640)
	at org.anjocaido.groupmanager.dataholder.worlds.WorldsHolder.initialWorldLoading(WorldsHolder.java:110)
	at org.anjocaido.groupmanager.dataholder.worlds.WorldsHolder.initialLoad(WorldsHolder.java:100)
	at org.anjocaido.groupmanager.dataholder.worlds.WorldsHolder.resetWorldsHolder(WorldsHolder.java:92)
	at org.anjocaido.groupmanager.dataholder.worlds.WorldsHolder.<init>(WorldsHolder.java:59)
	at org.anjocaido.groupmanager.GroupManager.onEnable(GroupManager.java:179)
	at org.anjocaido.groupmanager.GroupManager.onEnable(GroupManager.java:103)
	at org.bukkit.plugin.java.JavaPlugin.setEnabled(JavaPlugin.java:321)
	at org.bukkit.plugin.java.JavaPluginLoader.enablePlugin(JavaPluginLoader.java:340)
	at org.bukkit.plugin.SimplePluginManager.enablePlugin(SimplePluginManager.java:405)
	at org.bukkit.craftbukkit.v1_8_R3.CraftServer.loadPlugin(CraftServer.java:357)
	at org.bukkit.craftbukkit.v1_8_R3.CraftServer.enablePlugins(CraftServer.java:317)
	at net.minecraft.server.v1_8_R3.MinecraftServer.s(MinecraftServer.java:414)
	at net.minecraft.server.v1_8_R3.MinecraftServer.k(MinecraftServer.java:378)
	at net.minecraft.server.v1_8_R3.MinecraftServer.a(MinecraftServer.java:333)
	at net.minecraft.server.v1_8_R3.DedicatedServer.init(DedicatedServer.java:263)
	at net.minecraft.server.v1_8_R3.MinecraftServer.run(MinecraftServer.java:525)
	at java.lang.Thread.run(Unknown Source)
Caused by: while scanning an anchor
 in 'reader', line 113, column 16:
          prefix: '&b[MVP] '
                   ^
expected alphabetic or numeric character, but found [(91)
 in 'reader', line 113, column 18:
          prefix: '&b[MVP] '
                     ^

	at org.yaml.snakeyaml.scanner.ScannerImpl.scanAnchor(ScannerImpl.java:1446)
	at org.yaml.snakeyaml.scanner.ScannerImpl.fetchAnchor(ScannerImpl.java:939)
	at org.yaml.snakeyaml.scanner.ScannerImpl.fetchMoreTokens(ScannerImpl.java:370)
	at org.yaml.snakeyaml.scanner.ScannerImpl.checkToken(ScannerImpl.java:226)
	at org.yaml.snakeyaml.parser.ParserImpl$ParseBlockMappingKey.produce(ParserImpl.java:558)
	at org.yaml.snakeyaml.parser.ParserImpl.peekEvent(ParserImpl.java:158)
	at org.yaml.snakeyaml.parser.ParserImpl.checkEvent(ParserImpl.java:143)
	at org.yaml.snakeyaml.composer.Composer.composeMappingNode(Composer.java:224)
	at org.yaml.snakeyaml.composer.Composer.composeNode(Composer.java:155)
	at org.yaml.snakeyaml.composer.Composer.composeMappingNode(Composer.java:229)
	at org.yaml.snakeyaml.composer.Composer.composeNode(Composer.java:155)
	at org.yaml.snakeyaml.composer.Composer.composeMappingNode(Composer.java:229)
	at org.yaml.snakeyaml.composer.Composer.composeNode(Composer.java:155)
	at org.yaml.snakeyaml.composer.Composer.composeMappingNode(Composer.java:229)
	at org.yaml.snakeyaml.composer.Composer.composeNode(Composer.java:155)
	at org.yaml.snakeyaml.composer.Composer.composeDocument(Composer.java:122)
	at org.yaml.snakeyaml.composer.Composer.getSingleNode(Composer.java:105)
	at org.yaml.snakeyaml.constructor.BaseConstructor.getSingleData(BaseConstructor.java:120)
	at org.yaml.snakeyaml.Yaml.loadFromReader(Yaml.java:450)
	at org.yaml.snakeyaml.Yaml.load(Yaml.java:393)
	at org.anjocaido.groupmanager.dataholder.WorldDataHolder.loadGroups(WorldDataHolder.java:585)
	... 20 more

============================================================================

2019-09-22 16-34
=============================== GM ERROR LOG ===============================
= ERROR REPORT START - Pre2.14.1.3 FINAL (Phoenix) =

java.lang.IllegalArgumentException: The following file couldn't pass on Parser.
plugins\GroupManager\worlds\world\groups.yml
	at org.anjocaido.groupmanager.dataholder.WorldDataHolder.loadGroups(WorldDataHolder.java:590)
	at org.anjocaido.groupmanager.dataholder.WorldDataHolder.loadGroups(WorldDataHolder.java:510)
	at org.anjocaido.groupmanager.dataholder.worlds.WorldsHolder.loadWorld(WorldsHolder.java:678)
	at org.anjocaido.groupmanager.dataholder.worlds.WorldsHolder.loadWorld(WorldsHolder.java:640)
	at org.anjocaido.groupmanager.dataholder.worlds.WorldsHolder.initialWorldLoading(WorldsHolder.java:110)
	at org.anjocaido.groupmanager.dataholder.worlds.WorldsHolder.initialLoad(WorldsHolder.java:100)
	at org.anjocaido.groupmanager.dataholder.worlds.WorldsHolder.resetWorldsHolder(WorldsHolder.java:92)
	at org.anjocaido.groupmanager.dataholder.worlds.WorldsHolder.<init>(WorldsHolder.java:59)
	at org.anjocaido.groupmanager.GroupManager.onEnable(GroupManager.java:179)
	at org.anjocaido.groupmanager.GroupManager.onEnable(GroupManager.java:103)
	at org.bukkit.plugin.java.JavaPlugin.setEnabled(JavaPlugin.java:321)
	at org.bukkit.plugin.java.JavaPluginLoader.enablePlugin(JavaPluginLoader.java:340)
	at org.bukkit.plugin.SimplePluginManager.enablePlugin(SimplePluginManager.java:405)
	at org.bukkit.craftbukkit.v1_8_R3.CraftServer.loadPlugin(CraftServer.java:357)
	at org.bukkit.craftbukkit.v1_8_R3.CraftServer.enablePlugins(CraftServer.java:317)
	at net.minecraft.server.v1_8_R3.MinecraftServer.s(MinecraftServer.java:414)
	at net.minecraft.server.v1_8_R3.MinecraftServer.k(MinecraftServer.java:378)
	at net.minecraft.server.v1_8_R3.MinecraftServer.a(MinecraftServer.java:333)
	at net.minecraft.server.v1_8_R3.DedicatedServer.init(DedicatedServer.java:263)
	at net.minecraft.server.v1_8_R3.MinecraftServer.run(MinecraftServer.java:525)
	at java.lang.Thread.run(Unknown Source)
Caused by: while scanning an anchor
 in 'reader', line 113, column 16:
          prefix: '&b[MVP] '
                   ^
expected alphabetic or numeric character, but found [(91)
 in 'reader', line 113, column 18:
          prefix: '&b[MVP] '
                     ^

	at org.yaml.snakeyaml.scanner.ScannerImpl.scanAnchor(ScannerImpl.java:1446)
	at org.yaml.snakeyaml.scanner.ScannerImpl.fetchAnchor(ScannerImpl.java:939)
	at org.yaml.snakeyaml.scanner.ScannerImpl.fetchMoreTokens(ScannerImpl.java:370)
	at org.yaml.snakeyaml.scanner.ScannerImpl.checkToken(ScannerImpl.java:226)
	at org.yaml.snakeyaml.parser.ParserImpl$ParseBlockMappingKey.produce(ParserImpl.java:558)
	at org.yaml.snakeyaml.parser.ParserImpl.peekEvent(ParserImpl.java:158)
	at org.yaml.snakeyaml.parser.ParserImpl.checkEvent(ParserImpl.java:143)
	at org.yaml.snakeyaml.composer.Composer.composeMappingNode(Composer.java:224)
	at org.yaml.snakeyaml.composer.Composer.composeNode(Composer.java:155)
	at org.yaml.snakeyaml.composer.Composer.composeMappingNode(Composer.java:229)
	at org.yaml.snakeyaml.composer.Composer.composeNode(Composer.java:155)
	at org.yaml.snakeyaml.composer.Composer.composeMappingNode(Composer.java:229)
	at org.yaml.snakeyaml.composer.Composer.composeNode(Composer.java:155)
	at org.yaml.snakeyaml.composer.Composer.composeMappingNode(Composer.java:229)
	at org.yaml.snakeyaml.composer.Composer.composeNode(Composer.java:155)
	at org.yaml.snakeyaml.composer.Composer.composeDocument(Composer.java:122)
	at org.yaml.snakeyaml.composer.Composer.getSingleNode(Composer.java:105)
	at org.yaml.snakeyaml.constructor.BaseConstructor.getSingleData(BaseConstructor.java:120)
	at org.yaml.snakeyaml.Yaml.loadFromReader(Yaml.java:450)
	at org.yaml.snakeyaml.Yaml.load(Yaml.java:393)
	at org.anjocaido.groupmanager.dataholder.WorldDataHolder.loadGroups(WorldDataHolder.java:585)
	... 20 more

============================================================================

2021-02-07 20-47
=============================== GM ERROR LOG ===============================
= ERROR REPORT START - Pre2.14.1.3 FINAL (Phoenix) =

java.lang.IllegalArgumentException: The following file couldn't pass on Parser.
plugins/GroupManager/worlds/world/groups.yml
	at org.anjocaido.groupmanager.dataholder.WorldDataHolder.loadGroups(WorldDataHolder.java:590)
	at org.anjocaido.groupmanager.dataholder.WorldDataHolder.loadGroups(WorldDataHolder.java:510)
	at org.anjocaido.groupmanager.dataholder.worlds.WorldsHolder.loadWorld(WorldsHolder.java:678)
	at org.anjocaido.groupmanager.dataholder.worlds.WorldsHolder.loadWorld(WorldsHolder.java:640)
	at org.anjocaido.groupmanager.dataholder.worlds.WorldsHolder.initialWorldLoading(WorldsHolder.java:110)
	at org.anjocaido.groupmanager.dataholder.worlds.WorldsHolder.initialLoad(WorldsHolder.java:100)
	at org.anjocaido.groupmanager.dataholder.worlds.WorldsHolder.resetWorldsHolder(WorldsHolder.java:92)
	at org.anjocaido.groupmanager.dataholder.worlds.WorldsHolder.<init>(WorldsHolder.java:59)
	at org.anjocaido.groupmanager.GroupManager.onEnable(GroupManager.java:179)
	at org.anjocaido.groupmanager.GroupManager.onEnable(GroupManager.java:103)
	at org.bukkit.plugin.java.JavaPlugin.setEnabled(JavaPlugin.java:321)
	at org.bukkit.plugin.java.JavaPluginLoader.enablePlugin(JavaPluginLoader.java:340)
	at org.bukkit.plugin.SimplePluginManager.enablePlugin(SimplePluginManager.java:405)
	at org.bukkit.craftbukkit.v1_8_R3.CraftServer.loadPlugin(CraftServer.java:357)
	at org.bukkit.craftbukkit.v1_8_R3.CraftServer.enablePlugins(CraftServer.java:317)
	at net.minecraft.server.v1_8_R3.MinecraftServer.s(MinecraftServer.java:414)
	at net.minecraft.server.v1_8_R3.MinecraftServer.k(MinecraftServer.java:378)
	at net.minecraft.server.v1_8_R3.MinecraftServer.a(MinecraftServer.java:333)
	at net.minecraft.server.v1_8_R3.DedicatedServer.init(DedicatedServer.java:263)
	at net.minecraft.server.v1_8_R3.MinecraftServer.run(MinecraftServer.java:525)
	at java.base/java.lang.Thread.run(Thread.java:834)
Caused by: while scanning an anchor
 in 'reader', line 113, column 16:
          prefix: '&b[MVP] '
                   ^
expected alphabetic or numeric character, but found [(91)
 in 'reader', line 113, column 18:
          prefix: '&b[MVP] '
                     ^

	at org.yaml.snakeyaml.scanner.ScannerImpl.scanAnchor(ScannerImpl.java:1446)
	at org.yaml.snakeyaml.scanner.ScannerImpl.fetchAnchor(ScannerImpl.java:939)
	at org.yaml.snakeyaml.scanner.ScannerImpl.fetchMoreTokens(ScannerImpl.java:370)
	at org.yaml.snakeyaml.scanner.ScannerImpl.checkToken(ScannerImpl.java:226)
	at org.yaml.snakeyaml.parser.ParserImpl$ParseBlockMappingKey.produce(ParserImpl.java:558)
	at org.yaml.snakeyaml.parser.ParserImpl.peekEvent(ParserImpl.java:158)
	at org.yaml.snakeyaml.parser.ParserImpl.checkEvent(ParserImpl.java:143)
	at org.yaml.snakeyaml.composer.Composer.composeMappingNode(Composer.java:224)
	at org.yaml.snakeyaml.composer.Composer.composeNode(Composer.java:155)
	at org.yaml.snakeyaml.composer.Composer.composeMappingNode(Composer.java:229)
	at org.yaml.snakeyaml.composer.Composer.composeNode(Composer.java:155)
	at org.yaml.snakeyaml.composer.Composer.composeMappingNode(Composer.java:229)
	at org.yaml.snakeyaml.composer.Composer.composeNode(Composer.java:155)
	at org.yaml.snakeyaml.composer.Composer.composeMappingNode(Composer.java:229)
	at org.yaml.snakeyaml.composer.Composer.composeNode(Composer.java:155)
	at org.yaml.snakeyaml.composer.Composer.composeDocument(Composer.java:122)
	at org.yaml.snakeyaml.composer.Composer.getSingleNode(Composer.java:105)
	at org.yaml.snakeyaml.constructor.BaseConstructor.getSingleData(BaseConstructor.java:120)
	at org.yaml.snakeyaml.Yaml.loadFromReader(Yaml.java:450)
	at org.yaml.snakeyaml.Yaml.load(Yaml.java:393)
	at org.anjocaido.groupmanager.dataholder.WorldDataHolder.loadGroups(WorldDataHolder.java:585)
	... 20 more

============================================================================

